1609297510614	geckodriver	INFO	Listening on 127.0.0.1:52410
1609297513642	mozrunner::runner	INFO	Running command: "C:\\Program Files\\Mozilla Firefox\\firefox.exe" "--marionette" "-foreground" "-no-remote" "-profile" "C:\\Users\\NINGZI~1\\AppData\\Local\\Temp\\rust_mozprofilerfLeSg"
Can't find symbol 'eglSwapBuffersWithDamageEXT'.
Can't find symbol 'eglSetDamageRegionKHR'.
console.warn: SearchSettings: "get: No settings file exists, new profile?" (new Error("", "(unknown module)"))
1609297517012	Marionette	INFO	Listening on port 52418
1609297517291	Marionette	WARN	TLS certificate errors will be ignored for this session
Can't find symbol 'eglSwapBuffersWithDamageEXT'.
Can't find symbol 'eglSetDamageRegionKHR'.
JavaScript warning: https://mimg.127.net/p/tools/fingerprintjs/fingerprint-2.1.2.min.js, line 4: WebGL context was lost.
JavaScript warning: https://mimg.127.net/p/tools/fingerprintjs/fingerprint-2.1.2.min.js, line 4: WebGL context was lost.
JavaScript warning: https://mimg.127.net/p/tools/fingerprintjs/fingerprint-2.1.2.min.js, line 4: WebGL context was lost.
JavaScript warning: https://mimg.127.net/p/tools/fingerprintjs/fingerprint-2.1.2.min.js, line 4: WebGL context was lost.
JavaScript warning: https://mimg.127.net/mailapi/src/2.0/cross_js5_v2.js, line 6: unreachable code after return statement
1609297545031	Marionette	INFO	Stopped listening on port 52418

###!!! [Child][RunMessage] Error: Channel closing: too late to send/recv, messages will be lost

1609321454996	geckodriver	INFO	Listening on 127.0.0.1:51022
1609321458070	mozrunner::runner	INFO	Running command: "C:\\Program Files\\Mozilla Firefox\\firefox.exe" "--marionette" "--incognito" "-foreground" "-no-remote" "-profile" "C:\\Users\\NINGZI~1\\AppData\\Local\\Temp\\rust_mozprofileTRD5pC"
Can't find symbol 'eglSwapBuffersWithDamageEXT'.
Can't find symbol 'eglSetDamageRegionKHR'.
console.warn: SearchSettings: "get: No settings file exists, new profile?" (new Error("", "(unknown module)"))
1609321462420	Marionette	INFO	Listening on port 51030
1609321462853	Marionette	WARN	TLS certificate errors will be ignored for this session
Can't find symbol 'eglSwapBuffersWithDamageEXT'.
Can't find symbol 'eglSetDamageRegionKHR'.
JavaScript warning: https://mimg.127.net/p/tools/fingerprintjs/fingerprint-2.1.2.min.js, line 4: WebGL context was lost.
JavaScript warning: https://mimg.127.net/p/tools/fingerprintjs/fingerprint-2.1.2.min.js, line 4: WebGL context was lost.
JavaScript warning: https://mimg.127.net/p/tools/fingerprintjs/fingerprint-2.1.2.min.js, line 4: WebGL context was lost.
JavaScript warning: https://mimg.127.net/p/tools/fingerprintjs/fingerprint-2.1.2.min.js, line 4: WebGL context was lost.
JavaScript warning: https://mimg.127.net/mailapi/src/2.0/cross_js5_v2.js, line 6: unreachable code after return statement
1609321522243	Marionette	INFO	Stopped listening on port 51030

###!!! [Child][RunMessage] Error: Channel closing: too late to send/recv, messages will be lost

1609321626279	geckodriver	INFO	Listening on 127.0.0.1:51245
1609321629333	mozrunner::runner	INFO	Running command: "C:\\Program Files\\Mozilla Firefox\\firefox.exe" "--marionette" "--incognito" "-foreground" "-no-remote" "-profile" "C:\\Users\\NINGZI~1\\AppData\\Local\\Temp\\rust_mozprofileazynyt"
Can't find symbol 'eglSwapBuffersWithDamageEXT'.
Can't find symbol 'eglSetDamageRegionKHR'.
console.warn: SearchSettings: "get: No settings file exists, new profile?" (new Error("", "(unknown module)"))
1609321633012	Marionette	INFO	Listening on port 51253
1609321633527	Marionette	WARN	TLS certificate errors will be ignored for this session
Can't find symbol 'eglSwapBuffersWithDamageEXT'.
Can't find symbol 'eglSetDamageRegionKHR'.
JavaScript warning: https://mimg.127.net/p/tools/fingerprintjs/fingerprint-2.1.2.min.js, line 4: WebGL context was lost.
JavaScript warning: https://mimg.127.net/p/tools/fingerprintjs/fingerprint-2.1.2.min.js, line 4: WebGL context was lost.
JavaScript warning: https://mimg.127.net/p/tools/fingerprintjs/fingerprint-2.1.2.min.js, line 4: WebGL context was lost.
JavaScript warning: https://mimg.127.net/p/tools/fingerprintjs/fingerprint-2.1.2.min.js, line 4: WebGL context was lost.
JavaScript warning: https://mimg.127.net/mailapi/src/2.0/cross_js5_v2.js, line 6: unreachable code after return statement
1609321655681	Marionette	INFO	Stopped listening on port 51253

###!!! [Child][RunMessage] Error: Channel closing: too late to send/recv, messages will be lost

1609321975644	geckodriver	INFO	Listening on 127.0.0.1:51445
1609321978707	mozrunner::runner	INFO	Running command: "C:\\Program Files\\Mozilla Firefox\\firefox.exe" "--marionette" "--incognito" "-foreground" "-no-remote" "-profile" "C:\\Users\\NINGZI~1\\AppData\\Local\\Temp\\rust_mozprofileayY9V3"
Can't find symbol 'eglSwapBuffersWithDamageEXT'.
Can't find symbol 'eglSetDamageRegionKHR'.
console.warn: SearchSettings: "get: No settings file exists, new profile?" (new Error("", "(unknown module)"))
1609321982549	Marionette	INFO	Listening on port 51453
1609321982869	Marionette	WARN	TLS certificate errors will be ignored for this session
Can't find symbol 'eglSwapBuffersWithDamageEXT'.
Can't find symbol 'eglSetDamageRegionKHR'.
JavaScript warning: https://mimg.127.net/p/tools/fingerprintjs/fingerprint-2.1.2.min.js, line 4: WebGL context was lost.
JavaScript warning: https://mimg.127.net/p/tools/fingerprintjs/fingerprint-2.1.2.min.js, line 4: WebGL context was lost.
JavaScript warning: https://mimg.127.net/p/tools/fingerprintjs/fingerprint-2.1.2.min.js, line 4: WebGL context was lost.
JavaScript warning: https://mimg.127.net/p/tools/fingerprintjs/fingerprint-2.1.2.min.js, line 4: WebGL context was lost.
1609321991751	Marionette	INFO	Stopped listening on port 51453

###!!! [Child][RunMessage] Error: Channel closing: too late to send/recv, messages will be lost

1609323897791	geckodriver	INFO	Listening on 127.0.0.1:52326
1609323900831	mozrunner::runner	INFO	Running command: "C:\\Program Files\\Mozilla Firefox\\firefox.exe" "--marionette" "-privacy" "-foreground" "-no-remote" "-profile" "C:\\Users\\NINGZI~1\\AppData\\Local\\Temp\\rust_mozprofilezCBgVi"
Can't find symbol 'eglSwapBuffersWithDamageEXT'.
Can't find symbol 'eglSetDamageRegionKHR'.
console.warn: SearchSettings: "get: No settings file exists, new profile?" (new Error("", "(unknown module)"))
1609323904108	Marionette	INFO	Listening on port 52334
1609323904491	Marionette	WARN	TLS certificate errors will be ignored for this session
Can't find symbol 'eglSwapBuffersWithDamageEXT'.
Can't find symbol 'eglSetDamageRegionKHR'.
JavaScript warning: https://mimg.127.net/p/tools/fingerprintjs/fingerprint-2.1.2.min.js, line 4: WebGL context was lost.
JavaScript warning: https://mimg.127.net/p/tools/fingerprintjs/fingerprint-2.1.2.min.js, line 4: WebGL context was lost.
JavaScript warning: https://mimg.127.net/p/tools/fingerprintjs/fingerprint-2.1.2.min.js, line 4: WebGL context was lost.
JavaScript warning: https://mimg.127.net/p/tools/fingerprintjs/fingerprint-2.1.2.min.js, line 4: WebGL context was lost.
JavaScript warning: https://mimg.127.net/mailapi/src/2.0/cross_js5_v2.js, line 6: unreachable code after return statement
JavaScript error: resource://activity-stream/lib/ASRouter.jsm, line 987: NS_ERROR_ILLEGAL_VALUE: Component returned failure code: 0x80070057 (NS_ERROR_ILLEGAL_VALUE) [nsIObserverService.removeObserver]
console.error: services.settings: 
  main/fxmonitor-breaches Signature failed  TypeError: NetworkError when attempting to fetch resource.
console.error: services.settings: 
  main/cfr-fxa Signature failed  TypeError: NetworkError when attempting to fetch resource.
1609323919312	Marionette	INFO	Stopped listening on port 52334

###!!! [Child][RunMessage] Error: Channel closing: too late to send/recv, messages will be lost

1609323970358	geckodriver	INFO	Listening on 127.0.0.1:52453
1609323973401	mozrunner::runner	INFO	Running command: "C:\\Program Files\\Mozilla Firefox\\firefox.exe" "--marionette" "-private" "-foreground" "-no-remote" "-profile" "C:\\Users\\NINGZI~1\\AppData\\Local\\Temp\\rust_mozprofile0A5Iim"
Can't find symbol 'eglSwapBuffersWithDamageEXT'.
Can't find symbol 'eglSetDamageRegionKHR'.
console.warn: SearchSettings: "get: No settings file exists, new profile?" (new Error("", "(unknown module)"))
JavaScript error: resource://gre/modules/XULStore.jsm, line 66: Error: Can't find profile directory.
1609323976993	Marionette	INFO	Listening on port 52461
1609323977052	Marionette	WARN	TLS certificate errors will be ignored for this session
Can't find symbol 'eglSwapBuffersWithDamageEXT'.
Can't find symbol 'eglSetDamageRegionKHR'.
JavaScript warning: https://mimg.127.net/p/tools/fingerprintjs/fingerprint-2.1.2.min.js, line 4: WebGL context was lost.
JavaScript warning: https://mimg.127.net/p/tools/fingerprintjs/fingerprint-2.1.2.min.js, line 4: WebGL context was lost.
JavaScript warning: https://mimg.127.net/p/tools/fingerprintjs/fingerprint-2.1.2.min.js, line 4: WebGL context was lost.
JavaScript warning: https://mimg.127.net/p/tools/fingerprintjs/fingerprint-2.1.2.min.js, line 4: WebGL context was lost.
JavaScript warning: https://mimg.127.net/mailapi/src/2.0/cross_js5_v2.js, line 6: unreachable code after return statement
1609324044354	Marionette	INFO	Stopped listening on port 52461

###!!! [Child][RunMessage] Error: Channel closing: too late to send/recv, messages will be lost

